------------------------------------------------------------------------------------------------------------------------

[2025-03-22 21:32:16 #1 store] 
Database '/Users/jossevt_/Desktop/uni_infor/curso2/SI/workspace1/3Marroia/src/main/resources/flight.temp' is opened by 8446@Mac.home

[2025-03-22 21:32:16 #2 type] 
Type domain.Flight is not enhanced.

[2025-03-22 21:32:16 #3 type] 
Type domain.ConcreteFlight is not enhanced.

------------------------------------------------------------------------------------------------------------------------

[2025-03-22 21:32:28 #1 store] 
Database '/Users/jossevt_/Desktop/uni_infor/curso2/SI/workspace1/3Marroia/src/main/resources/flight.temp' is opened by 8447@Mac.home

[2025-03-22 21:32:28 #2 type] 
Type domain.Flight is not enhanced.

[2025-03-22 21:32:28 #3 type] 
Type domain.ConcreteFlight is not enhanced.

------------------------------------------------------------------------------------------------------------------------

[2025-03-22 21:35:56 #1 store] 
Database '/Users/jossevt_/Desktop/uni_infor/curso2/SI/workspace1/3Marroia/src/main/resources/flight.temp' is opened by 8484@Mac.home

[2025-03-22 21:35:56 #2 type] 
Type domain.Flight is not enhanced.

[2025-03-22 21:35:56 #3 type] 
Type domain.ConcreteFlight is not enhanced.

