------------------------------------------------------------------------------------------------------------------------

[2025-04-24 17:19:46 #1 store] 
Database 'C:\Users\Administrador\Desktop\care\Rides24\src\main\resources\rides.temp' is opened by 10224@PRT0069A

[2025-04-24 17:19:47 #2 type.registry] 
New type domain.Driver

[2025-04-24 17:19:47 #3 type] 
Type domain.Driver is not enhanced.

[2025-04-24 17:19:47 #4 type.registry] 
New type domain.Ride

[2025-04-24 17:19:47 #5 type] 
Type domain.Ride is not enhanced.

[2025-04-24 17:19:47 #6 type.registry] 
New type java.util.Vector<java.lang.Object>

[2025-04-24 17:19:47 #7 type.registry] 
New type java.util.Vector<domain.Ride>

------------------------------------------------------------------------------------------------------------------------

[2025-04-24 17:37:02 #1 store] 
Database 'C:\Users\Administrador\Desktop\care\Rides24\src\main\resources\rides.temp' is opened by 9196@PRT0069A

[2025-04-24 17:37:02 #2 type.registry] 
New type domain.Driver

[2025-04-24 17:37:02 #3 type] 
Type domain.Driver is not enhanced.

[2025-04-24 17:37:02 #4 type.registry] 
New type domain.Ride

[2025-04-24 17:37:02 #5 type] 
Type domain.Ride is not enhanced.

[2025-04-24 17:37:02 #6 type.registry] 
New type java.util.Vector<java.lang.Object>

[2025-04-24 17:37:02 #7 type.registry] 
New type java.util.Vector<domain.Ride>

