------------------------------------------------------------------------------------------------------------------------

[2025-03-23 23:13:31 #1 store] 
Database '/Users/jossevt_/Desktop/uni_infor/curso2/SI/workspace1/3Marroia/src/main/resources/flight.temp' is opened by 16227@schwarzenegger.home

[2025-03-23 23:13:31 #2 type] 
Type domain.Flight is not enhanced.

[2025-03-23 23:13:31 #3 type] 
Type domain.ConcreteFlight is not enhanced.

------------------------------------------------------------------------------------------------------------------------

[2025-03-23 23:20:36 #1 store] 
Database '/Users/jossevt_/Desktop/uni_infor/curso2/SI/workspace1/3Marroia/src/main/resources/flight.temp' is opened by 16297@schwarzenegger.home

[2025-03-23 23:20:36 #2 type] 
Type domain.Flight is not enhanced.

[2025-03-23 23:20:36 #3 type] 
Type domain.ConcreteFlight is not enhanced.

------------------------------------------------------------------------------------------------------------------------

[2025-03-23 23:32:48 #1 store] 
Database '/Users/jossevt_/Desktop/uni_infor/curso2/SI/workspace1/3Marroia/src/main/resources/flight.temp' is opened by 16409@schwarzenegger.home

[2025-03-23 23:32:48 #2 type] 
Type domain.Flight is not enhanced.

[2025-03-23 23:32:48 #3 type] 
Type domain.ConcreteFlight is not enhanced.

------------------------------------------------------------------------------------------------------------------------

[2025-03-23 23:32:54 #1 store] 
Database '/Users/jossevt_/Desktop/uni_infor/curso2/SI/workspace1/3Marroia/src/main/resources/flight.temp' is opened by 16414@schwarzenegger.home

[2025-03-23 23:32:54 #2 type] 
Type domain.Flight is not enhanced.

[2025-03-23 23:32:54 #3 type] 
Type domain.ConcreteFlight is not enhanced.

